<?xml version="1.0" encoding="UTF-8"?>
<!-- Generated by org.testng.reporters.JUnitReportReporter -->
<testsuite hostname="EXPLTDC1PBT8H4W" name="tests.BOPIS_CSROrder" tests="1" failures="0" timestamp="3 Nov 2017 18:45:03 GMT" time="0.002" errors="1">
  <testcase name="CSR_Order" time="0.002" classname="tests.BOPIS_CSROrder">
    <error type="java.lang.Error" message="Unresolved compilation problems: 
	The import org.sikuli cannot be resolved
	The import org.sikuli cannot be resolved
	The import org.sikuli cannot be resolved
	The import org.sikuli cannot be resolved
	Screen cannot be resolved to a type
	Screen cannot be resolved to a type
	Pattern cannot be resolved to a type
	Pattern cannot be resolved to a type
	FindFailed cannot be resolved to a type
">
      <![CDATA[java.lang.Error: Unresolved compilation problems: 
	The import org.sikuli cannot be resolved
	The import org.sikuli cannot be resolved
	The import org.sikuli cannot be resolved
	The import org.sikuli cannot be resolved
	Screen cannot be resolved to a type
	Screen cannot be resolved to a type
	Pattern cannot be resolved to a type
	Pattern cannot be resolved to a type
	FindFailed cannot be resolved to a type

	at utilities.GenericFunctions.<init>(GenericFunctions.java:30)
	at tests.BOPIS_CSROrder.Setup(BOPIS_CSROrder.java:47)
	at sun.reflect.NativeMethodAccessorImpl.invoke0(Native Method)
	at sun.reflect.NativeMethodAccessorImpl.invoke(NativeMethodAccessorImpl.java:62)
	at sun.reflect.DelegatingMethodAccessorImpl.invoke(DelegatingMethodAccessorImpl.java:43)
	at java.lang.reflect.Method.invoke(Method.java:498)
	at org.testng.internal.MethodInvocationHelper.invokeMethod(MethodInvocationHelper.java:85)
	at org.testng.internal.Invoker.invokeConfigurationMethod(Invoker.java:510)
	at org.testng.internal.Invoker.invokeConfigurations(Invoker.java:211)
	at org.testng.internal.Invoker.invokeConfigurations(Invoker.java:138)
	at org.testng.internal.TestMethodWorker.invokeBeforeClassMethods(TestMethodWorker.java:170)
	at org.testng.internal.TestMethodWorker.run(TestMethodWorker.java:104)
	at org.testng.TestRunner.privateRun(TestRunner.java:774)
	at org.testng.TestRunner.run(TestRunner.java:624)
	at org.testng.SuiteRunner.runTest(SuiteRunner.java:359)
	at org.testng.SuiteRunner.runSequentially(SuiteRunner.java:354)
	at org.testng.SuiteRunner.privateRun(SuiteRunner.java:312)
	at org.testng.SuiteRunner.run(SuiteRunner.java:261)
	at org.testng.SuiteRunnerWorker.runSuite(SuiteRunnerWorker.java:52)
	at org.testng.SuiteRunnerWorker.run(SuiteRunnerWorker.java:86)
	at org.testng.TestNG.runSuitesSequentially(TestNG.java:1215)
	at org.testng.TestNG.runSuitesLocally(TestNG.java:1140)
	at org.testng.TestNG.run(TestNG.java:1048)
	at org.testng.remote.AbstractRemoteTestNG.run(AbstractRemoteTestNG.java:132)
	at org.testng.remote.RemoteTestNG.initAndRun(RemoteTestNG.java:236)
	at org.testng.remote.RemoteTestNG.main(RemoteTestNG.java:81)
]]>
    </error>
  </testcase> <!-- CSR_Order -->
</testsuite> <!-- tests.BOPIS_CSROrder -->
