<?xml version="1.0" encoding="UTF-8"?>
<!-- Generated by org.testng.reporters.JUnitReportReporter -->
<testsuite hostname="EXPLTDC1PBT8H4W" name="tests.SFS_CSROrder" tests="1" failures="0" timestamp="3 Nov 2017 20:09:15 GMT" time="96.379" errors="0">
  <testcase name="CSR_Order" time="96.379" classname="tests.SFS_CSROrder"/>
</testsuite> <!-- tests.SFS_CSROrder -->
