<?xml version="1.0" encoding="UTF-8"?>
<!-- Generated by org.testng.reporters.JUnitReportReporter -->
<testsuite hostname="EXPLTDC1PBT8H4W" name="tests.STS_CSROrder" tests="1" failures="0" timestamp="3 Nov 2017 20:15:27 GMT" time="111.730" errors="0">
  <testcase name="CSR_Order" time="111.730" classname="tests.STS_CSROrder"/>
</testsuite> <!-- tests.STS_CSROrder -->
