<?xml version="1.0" encoding="UTF-8"?>
<!-- Generated by org.testng.reporters.JUnitReportReporter -->
<testsuite hostname="EXPLTDC1PBT8H4W" name="tests.CSROrder" tests="1" failures="0" timestamp="2 Nov 2017 19:15:39 GMT" time="84.444" errors="0">
  <testcase name="CSR_Order" time="84.444" classname="tests.CSROrder"/>
</testsuite> <!-- tests.CSROrder -->
