<?xml version="1.0" encoding="UTF-8"?>
<!-- Generated by org.testng.reporters.JUnitReportReporter -->
<testsuite hostname="EXPLTDC1PBT8H4W" name="tests.SFS_CSROrder" tests="1" failures="0" timestamp="13 Dec 2017 20:33:18 GMT" time="103.026" errors="0">
  <testcase name="CSR_Order" time="103.026" classname="tests.SFS_CSROrder"/>
</testsuite> <!-- tests.SFS_CSROrder -->
