<?xml version="1.0" encoding="UTF-8"?>
<!-- Generated by org.testng.reporters.JUnitReportReporter -->
<testsuite hostname="EXPVMQA01" name="tests.STS_RemorseCancelEntireOrder" tests="1" failures="0" timestamp="11 Jan 2018 06:12:26 GMT" time="156.110" errors="0">
  <testcase name="CSR_RemorseCancel" time="156.110" classname="tests.STS_RemorseCancelEntireOrder"/>
</testsuite> <!-- tests.STS_RemorseCancelEntireOrder -->
