<?xml version="1.0" encoding="UTF-8"?>
<!-- Generated by org.testng.reporters.JUnitReportReporter -->
<testsuite hostname="EXPLTDC1PBT8H4W" name="tests.BOPIS_CSROrder" tests="1" failures="0" timestamp="16 Nov 2017 20:36:30 GMT" time="97.649" errors="0">
  <testcase name="CSR_Order" time="97.649" classname="tests.BOPIS_CSROrder"/>
</testsuite> <!-- tests.BOPIS_CSROrder -->
