<?xml version="1.0" encoding="UTF-8"?>
<!-- Generated by org.testng.reporters.JUnitReportReporter -->
<testsuite hostname="EXPLTDC1PBT8H4W" name="tests.STS_RemorseCancelEntireOrder" tests="1" failures="0" timestamp="14 Dec 2017 20:48:51 GMT" time="119.378" errors="0">
  <testcase name="CSR_RemorseCancel" time="119.378" classname="tests.STS_RemorseCancelEntireOrder"/>
</testsuite> <!-- tests.STS_RemorseCancelEntireOrder -->
