<?xml version="1.0" encoding="UTF-8"?>
<!-- Generated by org.testng.reporters.JUnitReportReporter -->
<testsuite hostname="EXPLTDC1PBT8H4W" name="tests.STS_SLMQ_Visa" tests="1" failures="0" timestamp="18 Dec 2017 20:36:53 GMT" time="146.573" errors="0">
  <testcase name="CSR_STS_SLMQ_Visa" time="146.573" classname="tests.STS_SLMQ_Visa"/>
</testsuite> <!-- tests.STS_SLMQ_Visa -->
