<?xml version="1.0" encoding="UTF-8"?>
<!-- Generated by org.testng.reporters.JUnitReportReporter -->
<testsuite hostname="EXPVMQA01" name="tests.SFS_CSROrder" tests="1" failures="0" timestamp="11 Jan 2018 09:17:37 GMT" time="135.662" errors="0">
  <testcase name="CSR_Order" time="135.662" classname="tests.SFS_CSROrder"/>
</testsuite> <!-- tests.SFS_CSROrder -->
