<?xml version="1.0" encoding="UTF-8"?>
<!-- Generated by org.testng.reporters.JUnitReportReporter -->
<testsuite hostname="EXPLTDC1PBT8H4W" name="tests.SFS_CSROrder" tests="1" failures="0" timestamp="18 Dec 2017 20:36:53 GMT" time="137.717" errors="0">
  <testcase name="CSR_Order" time="137.717" classname="tests.SFS_CSROrder"/>
</testsuite> <!-- tests.SFS_CSROrder -->
