<?xml version="1.0" encoding="UTF-8"?>
<!-- Generated by org.testng.reporters.JUnitReportReporter -->
<testsuite hostname="EXPLTDC1PBT8H4W" name="tests.SFS_CSROrder" tests="1" failures="0" timestamp="8 Nov 2017 17:40:18 GMT" time="91.359" errors="0">
  <testcase name="CSR_Order" time="91.359" classname="tests.SFS_CSROrder"/>
</testsuite> <!-- tests.SFS_CSROrder -->
