<?xml version="1.0" encoding="UTF-8"?>
<!-- Generated by org.testng.reporters.JUnitReportReporter -->
<testsuite hostname="EXPLTDC1PBT8H4W" name="tests.BOPIS_CSROrder" tests="1" failures="0" timestamp="9 Nov 2017 16:42:37 GMT" time="126.494" errors="0">
  <testcase name="CSR_Order" time="126.494" classname="tests.BOPIS_CSROrder"/>
</testsuite> <!-- tests.BOPIS_CSROrder -->
