<?xml version="1.0" encoding="UTF-8"?>
<!-- Generated by org.testng.reporters.JUnitReportReporter -->
<testsuite hostname="EXPLTDC1PBT8H4W" name="tests.STS_RemorseCancelEntireOrder" tests="1" failures="0" timestamp="13 Dec 2017 21:40:29 GMT" time="97.734" errors="0">
  <testcase name="CSR_RemorseCancel" time="97.734" classname="tests.STS_RemorseCancelEntireOrder"/>
</testsuite> <!-- tests.STS_RemorseCancelEntireOrder -->
